<?xml version="1.0" encoding="UTF-8"?>
<testng-results skipped="0" failed="0" ignored="0" total="1" passed="1">
  <reporter-output>
  </reporter-output>
  <suite name="TestNG.NewTest" duration-ms="19449" started-at="2018-02-14T03:45:13Z" finished-at="2018-02-14T03:45:33Z">
    <groups>
    </groups>
    <test name="Command line test" duration-ms="19449" started-at="2018-02-14T03:45:13Z" finished-at="2018-02-14T03:45:33Z">
      <class name="TestNG.NewTest">
        <test-method status="PASS" signature="beforeTest()[pri:0, instance:TestNG.NewTest@566776ad]" name="beforeTest" is-config="true" duration-ms="13430" started-at="2018-02-14T11:45:13Z" finished-at="2018-02-14T11:45:27Z">
          <reporter-output>
          </reporter-output>
        </test-method> <!-- beforeTest -->
        <test-method status="PASS" signature="test1()[pri:0, instance:TestNG.NewTest@566776ad]" name="test1" duration-ms="5980" started-at="2018-02-14T11:45:27Z" finished-at="2018-02-14T11:45:33Z">
          <reporter-output>
          </reporter-output>
        </test-method> <!-- test1 -->
        <test-method status="PASS" signature="afterTest()[pri:0, instance:TestNG.NewTest@566776ad]" name="afterTest" is-config="true" duration-ms="0" started-at="2018-02-14T11:45:33Z" finished-at="2018-02-14T11:45:33Z">
          <reporter-output>
          </reporter-output>
        </test-method> <!-- afterTest -->
      </class> <!-- TestNG.NewTest -->
    </test> <!-- Command line test -->
  </suite> <!-- TestNG.NewTest -->
</testng-results>
